    x2vbsv       Slim Application Error
Type: Error
Code: 0
Message: Call to a member function getData() on null
File: C:\Users\Jerold\Documents\Project\Dudezmobi_Staking\dms-api\src\app\repository\Transaction.php
Line: 46
Trace: #0 C:\Users\Jerold\Documents\Project\Dudezmobi_Staking\dms-api\src\app\routing\Transaction.php(24): PangzLab\App\Repository\Transaction->getSummary()
#1 C:\Users\Jerold\Documents\Project\Dudezmobi_Staking\dms-api\vendor\slim\slim\Slim\Handlers\Strategies\RequestResponse.php(43): PangzLab\App\Routing\Transaction->testGetSummary(Object(Slim\Psr7\Request), Object(Slim\Psr7\Response), Array)
#2 C:\Users\Jerold\Documents\Project\Dudezmobi_Staking\dms-api\vendor\slim\slim\Slim\Routing\Route.php(381): Slim\Handlers\Strategies\RequestResponse->__invoke(Array, Object(Slim\Psr7\Request), Object(Slim\Psr7\Response), Array)
#3 C:\Users\Jerold\Documents\Project\Dudezmobi_Staking\dms-api\vendor\slim\slim\Slim\MiddlewareDispatcher.php(81): Slim\Routing\Route->handle(Object(Slim\Psr7\Request))
#4 C:\Users\Jerold\Documents\Project\Dudezmobi_Staking\dms-api\vendor\slim\slim\Slim\MiddlewareDispatcher.php(81): Slim\MiddlewareDispatcher->handle(Object(Slim\Psr7\Request))
#5 C:\Users\Jerold\Documents\Project\Dudezmobi_Staking\dms-api\vendor\slim\slim\Slim\Routing\Route.php(341): Slim\MiddlewareDispatcher->handle(Object(Slim\Psr7\Request))
#6 C:\Users\Jerold\Documents\Project\Dudezmobi_Staking\dms-api\vendor\slim\slim\Slim\Routing\RouteRunner.php(84): Slim\Routing\Route->run(Object(Slim\Psr7\Request))
#7 C:\Users\Jerold\Documents\Project\Dudezmobi_Staking\dms-api\vendor\slim\slim\Slim\Middleware\RoutingMiddleware.php(60): Slim\Routing\RouteRunner->handle(Object(Slim\Psr7\Request))
#8 C:\Users\Jerold\Documents\Project\Dudezmobi_Staking\dms-api\vendor\slim\slim\Slim\MiddlewareDispatcher.php(140): Slim\Middleware\RoutingMiddleware->process(Object(Slim\Psr7\Request), Object(Slim\Routing\RouteRunner))
#9 C:\Users\Jerold\Documents\Project\Dudezmobi_Staking\dms-api\src\app\middleware\SessionChecker.php(16): class@anonymous->handle(Object(Slim\Psr7\Request))
#10 C:\Users\Jerold\Documents\Project\Dudezmobi_Staking\dms-api\src\lib\middleware\Middleware.php(84): PangzLab\App\Middleware\SessionChecker->process(Object(Slim\Psr7\Request), Object(class@anonymous))
#11 C:\Users\Jerold\Documents\Project\Dudezmobi_Staking\dms-api\vendor\slim\slim\Slim\MiddlewareDispatcher.php(283): class@anonymous->__invoke(Object(Slim\Psr7\Request), Object(class@anonymous))
#12 C:\Users\Jerold\Documents\Project\Dudezmobi_Staking\dms-api\src\app\middleware\Parser.php(17): class@anonymous->handle(Object(Slim\Psr7\Request))
#13 C:\Users\Jerold\Documents\Project\Dudezmobi_Staking\dms-api\src\lib\middleware\Middleware.php(84): PangzLab\App\Middleware\Parser->process(Object(Slim\Psr7\Request), Object(class@anonymous))
#14 C:\Users\Jerold\Documents\Project\Dudezmobi_Staking\dms-api\vendor\slim\slim\Slim\MiddlewareDispatcher.php(283): class@anonymous->__invoke(Object(Slim\Psr7\Request), Object(class@anonymous))
#15 C:\Users\Jerold\Documents\Project\Dudezmobi_Staking\dms-api\src\app\middleware\SessionChecker.php(16): class@anonymous->handle(Object(Slim\Psr7\Request))
#16 C:\Users\Jerold\Documents\Project\Dudezmobi_Staking\dms-api\src\lib\middleware\Middleware.php(84): PangzLab\App\Middleware\SessionChecker->process(Object(Slim\Psr7\Request), Object(class@anonymous))
#17 C:\Users\Jerold\Documents\Project\Dudezmobi_Staking\dms-api\vendor\slim\slim\Slim\MiddlewareDispatcher.php(283): class@anonymous->__invoke(Object(Slim\Psr7\Request), Object(class@anonymous))
#18 C:\Users\Jerold\Documents\Project\Dudezmobi_Staking\dms-api\src\app\middleware\Parser.php(17): class@anonymous->handle(Object(Slim\Psr7\Request))
#19 C:\Users\Jerold\Documents\Project\Dudezmobi_Staking\dms-api\src\lib\middleware\Middleware.php(84): PangzLab\App\Middleware\Parser->process(Object(Slim\Psr7\Request), Object(class@anonymous))
#20 C:\Users\Jerold\Documents\Project\Dudezmobi_Staking\dms-api\vendor\slim\slim\Slim\MiddlewareDispatcher.php(283): class@anonymous->__invoke(Object(Slim\Psr7\Request), Object(class@anonymous))
#21 C:\Users\Jerold\Documents\Project\Dudezmobi_Staking\dms-api\src\app\middleware\GetParser.php(16): class@anonymous->handle(Object(Slim\Psr7\Request))
#22 C:\Users\Jerold\Documents\Project\Dudezmobi_Staking\dms-api\src\lib\middleware\Middleware.php(84): PangzLab\App\Middleware\GetParser->process(Object(Slim\Psr7\Request), Object(class@anonymous))
#23 C:\Users\Jerold\Documents\Project\Dudezmobi_Staking\dms-api\vendor\slim\slim\Slim\MiddlewareDispatcher.php(283): class@anonymous->__invoke(Object(Slim\Psr7\Request), Object(class@anonymous))
#24 C:\Users\Jerold\Documents\Project\Dudezmobi_Staking\dms-api\public\index.php(34): class@anonymous->handle(Object(Slim\Psr7\Request))
#25 C:\Users\Jerold\Documents\Project\Dudezmobi_Staking\dms-api\vendor\slim\slim\Slim\MiddlewareDispatcher.php(283): Closure->{closure}(Object(Slim\Psr7\Request), Object(class@anonymous))
#26 C:\Users\Jerold\Documents\Project\Dudezmobi_Staking\dms-api\vendor\slim\slim\Slim\Middleware\ErrorMiddleware.php(98): class@anonymous->handle(Object(Slim\Psr7\Request))
#27 C:\Users\Jerold\Documents\Project\Dudezmobi_Staking\dms-api\vendor\slim\slim\Slim\MiddlewareDispatcher.php(140): Slim\Middleware\ErrorMiddleware->process(Object(Slim\Psr7\Request), Object(class@anonymous))
#28 C:\Users\Jerold\Documents\Project\Dudezmobi_Staking\dms-api\vendor\slim\slim\Slim\MiddlewareDispatcher.php(81): class@anonymous->handle(Object(Slim\Psr7\Request))
#29 C:\Users\Jerold\Documents\Project\Dudezmobi_Staking\dms-api\vendor\slim\slim\Slim\App.php(211): Slim\MiddlewareDispatcher->handle(Object(Slim\Psr7\Request))
#30 C:\Users\Jerold\Documents\Project\Dudezmobi_Staking\dms-api\vendor\slim\slim\Slim\App.php(195): Slim\App->handle(Object(Slim\Psr7\Request))
#31 C:\Users\Jerold\Documents\Project\Dudezmobi_Staking\dms-api\public\index.php(86): Slim\App->run()
#32 {main}Slim Application Error
Type: Error
Code: 0
Message: Call to a member function getData() on null
File: C:\Users\Jerold\Documents\Project\Dudezmobi_Staking\dms-api\src\app\repository\Transaction.php
Line: 46
Trace: #0 C:\Users\Jerold\Documents\Project\Dudezmobi_Staking\dms-api\src\app\routing\Transaction.php(24): PangzLab\App\Repository\Transaction->getSummary()
#1 C:\Users\Jerold\Documents\Project\Dudezmobi_Staking\dms-api\vendor\slim\slim\Slim\Handlers\Strategies\RequestResponse.php(43): PangzLab\App\Routing\Transaction->testGetSummary(Object(Slim\Psr7\Request), Object(Slim\Psr7\Response), Array)
#2 C:\Users\Jerold\Documents\Project\Dudezmobi_Staking\dms-api\vendor\slim\slim\Slim\Routing\Route.php(381): Slim\Handlers\Strategies\RequestResponse->__invoke(Array, Object(Slim\Psr7\Request), Object(Slim\Psr7\Response), Array)
#3 C:\Users\Jerold\Documents\Project\Dudezmobi_Staking\dms-api\vendor\slim\slim\Slim\MiddlewareDispatcher.php(81): Slim\Routing\Route->handle(Object(Slim\Psr7\Request))
#4 C:\Users\Jerold\Documents\Project\Dudezmobi_Staking\dms-api\vendor\slim\slim\Slim\MiddlewareDispatcher.php(81): Slim\MiddlewareDispatcher->handle(Object(Slim\Psr7\Request))
#5 C:\Users\Jerold\Documents\Project\Dudezmobi_Staking\dms-api\vendor\slim\slim\Slim\Routing\Route.php(341): Slim\MiddlewareDispatcher->handle(Object(Slim\Psr7\Request))
#6 C:\Users\Jerold\Documents\Project\Dudezmobi_Staking\dms-api\vendor\slim\slim\Slim\Routing\RouteRunner.php(84): Slim\Routing\Route->run(Object(Slim\Psr7\Request))
#7 C:\Users\Jerold\Documents\Project\Dudezmobi_Staking\dms-api\vendor\slim\slim\Slim\Middleware\RoutingMiddleware.php(60): Slim\Routing\RouteRunner->handle(Object(Slim\Psr7\Request))
#8 C:\Users\Jerold\Documents\Project\Dudezmobi_Staking\dms-api\vendor\slim\slim\Slim\MiddlewareDispatcher.php(140): Slim\Middleware\RoutingMiddleware->process(Object(Slim\Psr7\Request), Object(Slim\Routing\RouteRunner))
#9 C:\Users\Jerold\Documents\Project\Dudezmobi_Staking\dms-api\src\app\middleware\SessionChecker.php(16): class@anonymous->handle(Object(Slim\Psr7\Request))
#10 C:\Users\Jerold\Documents\Project\Dudezmobi_Staking\dms-api\src\lib\middleware\Middleware.php(84): PangzLab\App\Middleware\SessionChecker->process(Object(Slim\Psr7\Request), Object(class@anonymous))
#11 C:\Users\Jerold\Documents\Project\Dudezmobi_Staking\dms-api\vendor\slim\slim\Slim\MiddlewareDispatcher.php(283): class@anonymous->__invoke(Object(Slim\Psr7\Request), Object(class@anonymous))
#12 C:\Users\Jerold\Documents\Project\Dudezmobi_Staking\dms-api\src\app\middleware\Parser.php(17): class@anonymous->handle(Object(Slim\Psr7\Request))
#13 C:\Users\Jerold\Documents\Project\Dudezmobi_Staking\dms-api\src\lib\middleware\Middleware.php(84): PangzLab\App\Middleware\Parser->process(Object(Slim\Psr7\Request), Object(class@anonymous))
#14 C:\Users\Jerold\Documents\Project\Dudezmobi_Staking\dms-api\vendor\slim\slim\Slim\MiddlewareDispatcher.php(283): class@anonymous->__invoke(Object(Slim\Psr7\Request), Object(class@anonymous))
#15 C:\Users\Jerold\Documents\Project\Dudezmobi_Staking\dms-api\src\app\middleware\SessionChecker.php(16): class@anonymous->handle(Object(Slim\Psr7\Request))
#16 C:\Users\Jerold\Documents\Project\Dudezmobi_Staking\dms-api\src\lib\middleware\Middleware.php(84): PangzLab\App\Middleware\SessionChecker->process(Object(Slim\Psr7\Request), Object(class@anonymous))
#17 C:\Users\Jerold\Documents\Project\Dudezmobi_Staking\dms-api\vendor\slim\slim\Slim\MiddlewareDispatcher.php(283): class@anonymous->__invoke(Object(Slim\Psr7\Request), Object(class@anonymous))
#18 C:\Users\Jerold\Documents\Project\Dudezmobi_Staking\dms-api\src\app\middleware\Parser.php(17): class@anonymous->handle(Object(Slim\Psr7\Request))
#19 C:\Users\Jerold\Documents\Project\Dudezmobi_Staking\dms-api\src\lib\middleware\Middleware.php(84): PangzLab\App\Middleware\Parser->process(Object(Slim\Psr7\Request), Object(class@anonymous))
#20 C:\Users\Jerold\Documents\Project\Dudezmobi_Staking\dms-api\vendor\slim\slim\Slim\MiddlewareDispatcher.php(283): class@anonymous->__invoke(Object(Slim\Psr7\Request), Object(class@anonymous))
#21 C:\Users\Jerold\Documents\Project\Dudezmobi_Staking\dms-api\src\app\middleware\GetParser.php(16): class@anonymous->handle(Object(Slim\Psr7\Request))
#22 C:\Users\Jerold\Documents\Project\Dudezmobi_Staking\dms-api\src\lib\middleware\Middleware.php(84): PangzLab\App\Middleware\GetParser->process(Object(Slim\Psr7\Request), Object(class@anonymous))
#23 C:\Users\Jerold\Documents\Project\Dudezmobi_Staking\dms-api\vendor\slim\slim\Slim\MiddlewareDispatcher.php(283): class@anonymous->__invoke(Object(Slim\Psr7\Request), Object(class@anonymous))
#24 C:\Users\Jerold\Documents\Project\Dudezmobi_Staking\dms-api\public\index.php(34): class@anonymous->handle(Object(Slim\Psr7\Request))
#25 C:\Users\Jerold\Documents\Project\Dudezmobi_Staking\dms-api\vendor\slim\slim\Slim\MiddlewareDispatcher.php(283): Closure->{closure}(Object(Slim\Psr7\Request), Object(class@anonymous))
#26 C:\Users\Jerold\Documents\Project\Dudezmobi_Staking\dms-api\vendor\slim\slim\Slim\Middleware\ErrorMiddleware.php(98): class@anonymous->handle(Object(Slim\Psr7\Request))
#27 C:\Users\Jerold\Documents\Project\Dudezmobi_Staking\dms-api\vendor\slim\slim\Slim\MiddlewareDispatcher.php(140): Slim\Middleware\ErrorMiddleware->process(Object(Slim\Psr7\Request), Object(class@anonymous))
#28 C:\Users\Jerold\Documents\Project\Dudezmobi_Staking\dms-api\vendor\slim\slim\Slim\MiddlewareDispatcher.php(81): class@anonymous->handle(Object(Slim\Psr7\Request))
#29 C:\Users\Jerold\Documents\Project\Dudezmobi_Staking\dms-api\vendor\slim\slim\Slim\App.php(211): Slim\MiddlewareDispatcher->handle(Object(Slim\Psr7\Request))
#30 C:\Users\Jerold\Documents\Project\Dudezmobi_Staking\dms-api\vendor\slim\slim\Slim\App.php(195): Slim\App->handle(Object(Slim\Psr7\Request))
#31 C:\Users\Jerold\Documents\Project\Dudezmobi_Staking\dms-api\public\index.php(86): Slim\App->run()
#32 {main}Slim Application Error
Type: Error
Code: 0
Message: Call to a member function getData() on null
File: C:\Users\Jerold\Documents\Project\Dudezmobi_Staking\dms-api\src\app\repository\Transaction.php
Line: 46
Trace: #0 C:\Users\Jerold\Documents\Project\Dudezmobi_Staking\dms-api\src\app\routing\Transaction.php(24): PangzLab\App\Repository\Transaction->getSummary()
#1 C:\Users\Jerold\Documents\Project\Dudezmobi_Staking\dms-api\vendor\slim\slim\Slim\Handlers\Strategies\RequestResponse.php(43): PangzLab\App\Routing\Transaction->testGetSummary(Object(Slim\Psr7\Request), Object(Slim\Psr7\Response), Array)
#2 C:\Users\Jerold\Documents\Project\Dudezmobi_Staking\dms-api\vendor\slim\slim\Slim\Routing\Route.php(381): Slim\Handlers\Strategies\RequestResponse->__invoke(Array, Object(Slim\Psr7\Request), Object(Slim\Psr7\Response), Array)
#3 C:\Users\Jerold\Documents\Project\Dudezmobi_Staking\dms-api\vendor\slim\slim\Slim\MiddlewareDispatcher.php(81): Slim\Routing\Route->handle(Object(Slim\Psr7\Request))
#4 C:\Users\Jerold\Documents\Project\Dudezmobi_Staking\dms-api\vendor\slim\slim\Slim\MiddlewareDispatcher.php(81): Slim\MiddlewareDispatcher->handle(Object(Slim\Psr7\Request))
#5 C:\Users\Jerold\Documents\Project\Dudezmobi_Staking\dms-api\vendor\slim\slim\Slim\Routing\Route.php(341): Slim\MiddlewareDispatcher->handle(Object(Slim\Psr7\Request))
#6 C:\Users\Jerold\Documents\Project\Dudezmobi_Staking\dms-api\vendor\slim\slim\Slim\Routing\RouteRunner.php(84): Slim\Routing\Route->run(Object(Slim\Psr7\Request))
#7 C:\Users\Jerold\Documents\Project\Dudezmobi_Staking\dms-api\vendor\slim\slim\Slim\Middleware\RoutingMiddleware.php(60): Slim\Routing\RouteRunner->handle(Object(Slim\Psr7\Request))
#8 C:\Users\Jerold\Documents\Project\Dudezmobi_Staking\dms-api\vendor\slim\slim\Slim\MiddlewareDispatcher.php(140): Slim\Middleware\RoutingMiddleware->process(Object(Slim\Psr7\Request), Object(Slim\Routing\RouteRunner))
#9 C:\Users\Jerold\Documents\Project\Dudezmobi_Staking\dms-api\src\app\middleware\SessionChecker.php(16): class@anonymous->handle(Object(Slim\Psr7\Request))
#10 C:\Users\Jerold\Documents\Project\Dudezmobi_Staking\dms-api\src\lib\middleware\Middleware.php(84): PangzLab\App\Middleware\SessionChecker->process(Object(Slim\Psr7\Request), Object(class@anonymous))
#11 C:\Users\Jerold\Documents\Project\Dudezmobi_Staking\dms-api\vendor\slim\slim\Slim\MiddlewareDispatcher.php(283): class@anonymous->__invoke(Object(Slim\Psr7\Request), Object(class@anonymous))
#12 C:\Users\Jerold\Documents\Project\Dudezmobi_Staking\dms-api\src\app\middleware\Parser.php(17): class@anonymous->handle(Object(Slim\Psr7\Request))
#13 C:\Users\Jerold\Documents\Project\Dudezmobi_Staking\dms-api\src\lib\middleware\Middleware.php(84): PangzLab\App\Middleware\Parser->process(Object(Slim\Psr7\Request), Object(class@anonymous))
#14 C:\Users\Jerold\Documents\Project\Dudezmobi_Staking\dms-api\vendor\slim\slim\Slim\MiddlewareDispatcher.php(283): class@anonymous->__invoke(Object(Slim\Psr7\Request), Object(class@anonymous))
#15 C:\Users\Jerold\Documents\Project\Dudezmobi_Staking\dms-api\src\app\middleware\SessionChecker.php(16): class@anonymous->handle(Object(Slim\Psr7\Request))
#16 C:\Users\Jerold\Documents\Project\Dudezmobi_Staking\dms-api\src\lib\middleware\Middleware.php(84): PangzLab\App\Middleware\SessionChecker->process(Object(Slim\Psr7\Request), Object(class@anonymous))
#17 C:\Users\Jerold\Documents\Project\Dudezmobi_Staking\dms-api\vendor\slim\slim\Slim\MiddlewareDispatcher.php(283): class@anonymous->__invoke(Object(Slim\Psr7\Request), Object(class@anonymous))
#18 C:\Users\Jerold\Documents\Project\Dudezmobi_Staking\dms-api\src\app\middleware\Parser.php(17): class@anonymous->handle(Object(Slim\Psr7\Request))
#19 C:\Users\Jerold\Documents\Project\Dudezmobi_Staking\dms-api\src\lib\middleware\Middleware.php(84): PangzLab\App\Middleware\Parser->process(Object(Slim\Psr7\Request), Object(class@anonymous))
#20 C:\Users\Jerold\Documents\Project\Dudezmobi_Staking\dms-api\vendor\slim\slim\Slim\MiddlewareDispatcher.php(283): class@anonymous->__invoke(Object(Slim\Psr7\Request), Object(class@anonymous))
#21 C:\Users\Jerold\Documents\Project\Dudezmobi_Staking\dms-api\src\app\middleware\GetParser.php(16): class@anonymous->handle(Object(Slim\Psr7\Request))
#22 C:\Users\Jerold\Documents\Project\Dudezmobi_Staking\dms-api\src\lib\middleware\Middleware.php(84): PangzLab\App\Middleware\GetParser->process(Object(Slim\Psr7\Request), Object(class@anonymous))
#23 C:\Users\Jerold\Documents\Project\Dudezmobi_Staking\dms-api\vendor\slim\slim\Slim\MiddlewareDispatcher.php(283): class@anonymous->__invoke(Object(Slim\Psr7\Request), Object(class@anonymous))
#24 C:\Users\Jerold\Documents\Project\Dudezmobi_Staking\dms-api\public\index.php(34): class@anonymous->handle(Object(Slim\Psr7\Request))
#25 C:\Users\Jerold\Documents\Project\Dudezmobi_Staking\dms-api\vendor\slim\slim\Slim\MiddlewareDispatcher.php(283): Closure->{closure}(Object(Slim\Psr7\Request), Object(class@anonymous))
#26 C:\Users\Jerold\Documents\Project\Dudezmobi_Staking\dms-api\vendor\slim\slim\Slim\Middleware\ErrorMiddleware.php(98): class@anonymous->handle(Object(Slim\Psr7\Request))
#27 C:\Users\Jerold\Documents\Project\Dudezmobi_Staking\dms-api\vendor\slim\slim\Slim\MiddlewareDispatcher.php(140): Slim\Middleware\ErrorMiddleware->process(Object(Slim\Psr7\Request), Object(class@anonymous))
#28 C:\Users\Jerold\Documents\Project\Dudezmobi_Staking\dms-api\vendor\slim\slim\Slim\MiddlewareDispatcher.php(81): class@anonymous->handle(Object(Slim\Psr7\Request))
#29 C:\Users\Jerold\Documents\Project\Dudezmobi_Staking\dms-api\vendor\slim\slim\Slim\App.php(211): Slim\MiddlewareDispatcher->handle(Object(Slim\Psr7\Request))
#30 C:\Users\Jerold\Documents\Project\Dudezmobi_Staking\dms-api\vendor\slim\slim\Slim\App.php(195): Slim\App->handle(Object(Slim\Psr7\Request))
#31 C:\Users\Jerold\Documents\Project\Dudezmobi_Staking\dms-api\public\index.php(86): Slim\App->run()
#32 {main}Slim Application Error
Type: Error
Code: 0
Message: Class 'PangzLab\App\Service\MySqlDbService\Repository' not found
File: C:\Users\Jerold\Documents\Project\Dudezmobi_Staking\dms-api\src\app\repository\User.php
Line: 10
Trace: #0 C:\Users\Jerold\Documents\Project\Dudezmobi_Staking\dms-api\vendor\composer\ClassLoader.php(444): include()
#1 C:\Users\Jerold\Documents\Project\Dudezmobi_Staking\dms-api\vendor\composer\ClassLoader.php(322): Composer\Autoload\includeFile('C:\\Users\\Jerold...')
#2 [internal function]: Composer\Autoload\ClassLoader->loadClass('PangzLab\\App\\Re...')
#3 C:\Users\Jerold\Documents\Project\Dudezmobi_Staking\dms-api\src\app\routing\User.php(18): spl_autoload_call('PangzLab\\App\\Re...')
#4 C:\Users\Jerold\Documents\Project\Dudezmobi_Staking\dms-api\vendor\php-di\php-di\src\Definition\Resolver\ObjectCreator.php(142): PangzLab\App\Routing\User->__construct(Object(DI\Container))
#5 C:\Users\Jerold\Documents\Project\Dudezmobi_Staking\dms-api\vendor\php-di\php-di\src\Definition\Resolver\ObjectCreator.php(71): DI\Definition\Resolver\ObjectCreator->createInstance(Object(DI\Definition\ObjectDefinition), Array)
#6 C:\Users\Jerold\Documents\Project\Dudezmobi_Staking\dms-api\vendor\php-di\php-di\src\Definition\Resolver\ResolverDispatcher.php(64): DI\Definition\Resolver\ObjectCreator->resolve(Object(DI\Definition\ObjectDefinition), Array)
#7 C:\Users\Jerold\Documents\Project\Dudezmobi_Staking\dms-api\vendor\php-di\php-di\src\Container.php(380): DI\Definition\Resolver\ResolverDispatcher->resolve(Object(DI\Definition\ObjectDefinition), Array)
#8 C:\Users\Jerold\Documents\Project\Dudezmobi_Staking\dms-api\vendor\php-di\php-di\src\Container.php(138): DI\Container->resolveDefinition(Object(DI\Definition\ObjectDefinition))
#9 C:\Users\Jerold\Documents\Project\Dudezmobi_Staking\dms-api\vendor\slim\slim\Slim\CallableResolver.php(144): DI\Container->get('PangzLab\\App\\Ro...')
#10 C:\Users\Jerold\Documents\Project\Dudezmobi_Staking\dms-api\vendor\slim\slim\Slim\CallableResolver.php(101): Slim\CallableResolver->resolveSlimNotation('PangzLab\\App\\Ro...')
#11 C:\Users\Jerold\Documents\Project\Dudezmobi_Staking\dms-api\vendor\slim\slim\Slim\CallableResolver.php(71): Slim\CallableResolver->resolveByPredicate('PangzLab\\App\\Ro...', Array, 'handle')
#12 C:\Users\Jerold\Documents\Project\Dudezmobi_Staking\dms-api\vendor\slim\slim\Slim\Routing\Route.php(366): Slim\CallableResolver->resolveRoute('PangzLab\\App\\Ro...')
#13 C:\Users\Jerold\Documents\Project\Dudezmobi_Staking\dms-api\vendor\slim\slim\Slim\MiddlewareDispatcher.php(81): Slim\Routing\Route->handle(Object(Slim\Psr7\Request))
#14 C:\Users\Jerold\Documents\Project\Dudezmobi_Staking\dms-api\vendor\slim\slim\Slim\MiddlewareDispatcher.php(81): Slim\MiddlewareDispatcher->handle(Object(Slim\Psr7\Request))
#15 C:\Users\Jerold\Documents\Project\Dudezmobi_Staking\dms-api\vendor\slim\slim\Slim\Routing\Route.php(341): Slim\MiddlewareDispatcher->handle(Object(Slim\Psr7\Request))
#16 C:\Users\Jerold\Documents\Project\Dudezmobi_Staking\dms-api\vendor\slim\slim\Slim\Routing\RouteRunner.php(84): Slim\Routing\Route->run(Object(Slim\Psr7\Request))
#17 C:\Users\Jerold\Documents\Project\Dudezmobi_Staking\dms-api\vendor\slim\slim\Slim\Middleware\RoutingMiddleware.php(60): Slim\Routing\RouteRunner->handle(Object(Slim\Psr7\Request))
#18 C:\Users\Jerold\Documents\Project\Dudezmobi_Staking\dms-api\vendor\slim\slim\Slim\MiddlewareDispatcher.php(140): Slim\Middleware\RoutingMiddleware->process(Object(Slim\Psr7\Request), Object(Slim\Routing\RouteRunner))
#19 C:\Users\Jerold\Documents\Project\Dudezmobi_Staking\dms-api\src\app\middleware\SessionChecker.php(16): class@anonymous->handle(Object(Slim\Psr7\Request))
#20 C:\Users\Jerold\Documents\Project\Dudezmobi_Staking\dms-api\src\lib\middleware\Middleware.php(84): PangzLab\App\Middleware\SessionChecker->process(Object(Slim\Psr7\Request), Object(class@anonymous))
#21 C:\Users\Jerold\Documents\Project\Dudezmobi_Staking\dms-api\vendor\slim\slim\Slim\MiddlewareDispatcher.php(283): class@anonymous->__invoke(Object(Slim\Psr7\Request), Object(class@anonymous))
#22 C:\Users\Jerold\Documents\Project\Dudezmobi_Staking\dms-api\src\app\middleware\Parser.php(17): class@anonymous->handle(Object(Slim\Psr7\Request))
#23 C:\Users\Jerold\Documents\Project\Dudezmobi_Staking\dms-api\src\lib\middleware\Middleware.php(84): PangzLab\App\Middleware\Parser->process(Object(Slim\Psr7\Request), Object(class@anonymous))
#24 C:\Users\Jerold\Documents\Project\Dudezmobi_Staking\dms-api\vendor\slim\slim\Slim\MiddlewareDispatcher.php(283): class@anonymous->__invoke(Object(Slim\Psr7\Request), Object(class@anonymous))
#25 C:\Users\Jerold\Documents\Project\Dudezmobi_Staking\dms-api\src\app\middleware\SessionChecker.php(16): class@anonymous->handle(Object(Slim\Psr7\Request))
#26 C:\Users\Jerold\Documents\Project\Dudezmobi_Staking\dms-api\src\lib\middleware\Middleware.php(84): PangzLab\App\Middleware\SessionChecker->process(Object(Slim\Psr7\Request), Object(class@anonymous))
#27 C:\Users\Jerold\Documents\Project\Dudezmobi_Staking\dms-api\vendor\slim\slim\Slim\MiddlewareDispatcher.php(283): class@anonymous->__invoke(Object(Slim\Psr7\Request), Object(class@anonymous))
#28 C:\Users\Jerold\Documents\Project\Dudezmobi_Staking\dms-api\src\app\middleware\Parser.php(17): class@anonymous->handle(Object(Slim\Psr7\Request))
#29 C:\Users\Jerold\Documents\Project\Dudezmobi_Staking\dms-api\src\lib\middleware\Middleware.php(84): PangzLab\App\Middleware\Parser->process(Object(Slim\Psr7\Request), Object(class@anonymous))
#30 C:\Users\Jerold\Documents\Project\Dudezmobi_Staking\dms-api\vendor\slim\slim\Slim\MiddlewareDispatcher.php(283): class@anonymous->__invoke(Object(Slim\Psr7\Request), Object(class@anonymous))
#31 C:\Users\Jerold\Documents\Project\Dudezmobi_Staking\dms-api\src\app\middleware\GetParser.php(16): class@anonymous->handle(Object(Slim\Psr7\Request))
#32 C:\Users\Jerold\Documents\Project\Dudezmobi_Staking\dms-api\src\lib\middleware\Middleware.php(84): PangzLab\App\Middleware\GetParser->process(Object(Slim\Psr7\Request), Object(class@anonymous))
#33 C:\Users\Jerold\Documents\Project\Dudezmobi_Staking\dms-api\vendor\slim\slim\Slim\MiddlewareDispatcher.php(283): class@anonymous->__invoke(Object(Slim\Psr7\Request), Object(class@anonymous))
#34 C:\Users\Jerold\Documents\Project\Dudezmobi_Staking\dms-api\public\index.php(34): class@anonymous->handle(Object(Slim\Psr7\Request))
#35 C:\Users\Jerold\Documents\Project\Dudezmobi_Staking\dms-api\vendor\slim\slim\Slim\MiddlewareDispatcher.php(283): Closure->{closure}(Object(Slim\Psr7\Request), Object(class@anonymous))
#36 C:\Users\Jerold\Documents\Project\Dudezmobi_Staking\dms-api\vendor\slim\slim\Slim\Middleware\ErrorMiddleware.php(98): class@anonymous->handle(Object(Slim\Psr7\Request))
#37 C:\Users\Jerold\Documents\Project\Dudezmobi_Staking\dms-api\vendor\slim\slim\Slim\MiddlewareDispatcher.php(140): Slim\Middleware\ErrorMiddleware->process(Object(Slim\Psr7\Request), Object(class@anonymous))
#38 C:\Users\Jerold\Documents\Project\Dudezmobi_Staking\dms-api\vendor\slim\slim\Slim\MiddlewareDispatcher.php(81): class@anonymous->handle(Object(Slim\Psr7\Request))
#39 C:\Users\Jerold\Documents\Project\Dudezmobi_Staking\dms-api\vendor\slim\slim\Slim\App.php(211): Slim\MiddlewareDispatcher->handle(Object(Slim\Psr7\Request))
#40 C:\Users\Jerold\Documents\Project\Dudezmobi_Staking\dms-api\vendor\slim\slim\Slim\App.php(195): Slim\App->handle(Object(Slim\Psr7\Request))
#41 C:\Users\Jerold\Documents\Project\Dudezmobi_Staking\dms-api\public\index.php(86): Slim\App->run()
#42 {main}Slim Application Error
Type: Error
Code: 0
Message: Class 'PangzLab\App\Service\MySqlDbService\Repository' not found
File: C:\Users\Jerold\Documents\Project\Dudezmobi_Staking\dms-api\src\app\repository\User.php
Line: 10
Trace: #0 C:\Users\Jerold\Documents\Project\Dudezmobi_Staking\dms-api\vendor\composer\ClassLoader.php(444): include()
#1 C:\Users\Jerold\Documents\Project\Dudezmobi_Staking\dms-api\vendor\composer\ClassLoader.php(322): Composer\Autoload\includeFile('C:\\Users\\Jerold...')
#2 [internal function]: Composer\Autoload\ClassLoader->loadClass('PangzLab\\App\\Re...')
#3 C:\Users\Jerold\Documents\Project\Dudezmobi_Staking\dms-api\src\app\routing\User.php(18): spl_autoload_call('PangzLab\\App\\Re...')
#4 C:\Users\Jerold\Documents\Project\Dudezmobi_Staking\dms-api\vendor\php-di\php-di\src\Definition\Resolver\ObjectCreator.php(142): PangzLab\App\Routing\User->__construct(Object(DI\Container))
#5 C:\Users\Jerold\Documents\Project\Dudezmobi_Staking\dms-api\vendor\php-di\php-di\src\Definition\Resolver\ObjectCreator.php(71): DI\Definition\Resolver\ObjectCreator->createInstance(Object(DI\Definition\ObjectDefinition), Array)
#6 C:\Users\Jerold\Documents\Project\Dudezmobi_Staking\dms-api\vendor\php-di\php-di\src\Definition\Resolver\ResolverDispatcher.php(64): DI\Definition\Resolver\ObjectCreator->resolve(Object(DI\Definition\ObjectDefinition), Array)
#7 C:\Users\Jerold\Documents\Project\Dudezmobi_Staking\dms-api\vendor\php-di\php-di\src\Container.php(380): DI\Definition\Resolver\ResolverDispatcher->resolve(Object(DI\Definition\ObjectDefinition), Array)
#8 C:\Users\Jerold\Documents\Project\Dudezmobi_Staking\dms-api\vendor\php-di\php-di\src\Container.php(138): DI\Container->resolveDefinition(Object(DI\Definition\ObjectDefinition))
#9 C:\Users\Jerold\Documents\Project\Dudezmobi_Staking\dms-api\vendor\slim\slim\Slim\CallableResolver.php(144): DI\Container->get('PangzLab\\App\\Ro...')
#10 C:\Users\Jerold\Documents\Project\Dudezmobi_Staking\dms-api\vendor\slim\slim\Slim\CallableResolver.php(101): Slim\CallableResolver->resolveSlimNotation('PangzLab\\App\\Ro...')
#11 C:\Users\Jerold\Documents\Project\Dudezmobi_Staking\dms-api\vendor\slim\slim\Slim\CallableResolver.php(71): Slim\CallableResolver->resolveByPredicate('PangzLab\\App\\Ro...', Array, 'handle')
#12 C:\Users\Jerold\Documents\Project\Dudezmobi_Staking\dms-api\vendor\slim\slim\Slim\Routing\Route.php(366): Slim\CallableResolver->resolveRoute('PangzLab\\App\\Ro...')
#13 C:\Users\Jerold\Documents\Project\Dudezmobi_Staking\dms-api\vendor\slim\slim\Slim\MiddlewareDispatcher.php(81): Slim\Routing\Route->handle(Object(Slim\Psr7\Request))
#14 C:\Users\Jerold\Documents\Project\Dudezmobi_Staking\dms-api\vendor\slim\slim\Slim\MiddlewareDispatcher.php(81): Slim\MiddlewareDispatcher->handle(Object(Slim\Psr7\Request))
#15 C:\Users\Jerold\Documents\Project\Dudezmobi_Staking\dms-api\vendor\slim\slim\Slim\Routing\Route.php(341): Slim\MiddlewareDispatcher->handle(Object(Slim\Psr7\Request))
#16 C:\Users\Jerold\Documents\Project\Dudezmobi_Staking\dms-api\vendor\slim\slim\Slim\Routing\RouteRunner.php(84): Slim\Routing\Route->run(Object(Slim\Psr7\Request))
#17 C:\Users\Jerold\Documents\Project\Dudezmobi_Staking\dms-api\vendor\slim\slim\Slim\Middleware\RoutingMiddleware.php(60): Slim\Routing\RouteRunner->handle(Object(Slim\Psr7\Request))
#18 C:\Users\Jerold\Documents\Project\Dudezmobi_Staking\dms-api\vendor\slim\slim\Slim\MiddlewareDispatcher.php(140): Slim\Middleware\RoutingMiddleware->process(Object(Slim\Psr7\Request), Object(Slim\Routing\RouteRunner))
#19 C:\Users\Jerold\Documents\Project\Dudezmobi_Staking\dms-api\src\app\middleware\SessionChecker.php(16): class@anonymous->handle(Object(Slim\Psr7\Request))
#20 C:\Users\Jerold\Documents\Project\Dudezmobi_Staking\dms-api\src\lib\middleware\Middleware.php(84): PangzLab\App\Middleware\SessionChecker->process(Object(Slim\Psr7\Request), Object(class@anonymous))
#21 C:\Users\Jerold\Documents\Project\Dudezmobi_Staking\dms-api\vendor\slim\slim\Slim\MiddlewareDispatcher.php(283): class@anonymous->__invoke(Object(Slim\Psr7\Request), Object(class@anonymous))
#22 C:\Users\Jerold\Documents\Project\Dudezmobi_Staking\dms-api\src\app\middleware\Parser.php(17): class@anonymous->handle(Object(Slim\Psr7\Request))
#23 C:\Users\Jerold\Documents\Project\Dudezmobi_Staking\dms-api\src\lib\middleware\Middleware.php(84): PangzLab\App\Middleware\Parser->process(Object(Slim\Psr7\Request), Object(class@anonymous))
#24 C:\Users\Jerold\Documents\Project\Dudezmobi_Staking\dms-api\vendor\slim\slim\Slim\MiddlewareDispatcher.php(283): class@anonymous->__invoke(Object(Slim\Psr7\Request), Object(class@anonymous))
#25 C:\Users\Jerold\Documents\Project\Dudezmobi_Staking\dms-api\src\app\middleware\SessionChecker.php(16): class@anonymous->handle(Object(Slim\Psr7\Request))
#26 C:\Users\Jerold\Documents\Project\Dudezmobi_Staking\dms-api\src\lib\middleware\Middleware.php(84): PangzLab\App\Middleware\SessionChecker->process(Object(Slim\Psr7\Request), Object(class@anonymous))
#27 C:\Users\Jerold\Documents\Project\Dudezmobi_Staking\dms-api\vendor\slim\slim\Slim\MiddlewareDispatcher.php(283): class@anonymous->__invoke(Object(Slim\Psr7\Request), Object(class@anonymous))
#28 C:\Users\Jerold\Documents\Project\Dudezmobi_Staking\dms-api\src\app\middleware\Parser.php(17): class@anonymous->handle(Object(Slim\Psr7\Request))
#29 C:\Users\Jerold\Documents\Project\Dudezmobi_Staking\dms-api\src\lib\middleware\Middleware.php(84): PangzLab\App\Middleware\Parser->process(Object(Slim\Psr7\Request), Object(class@anonymous))
#30 C:\Users\Jerold\Documents\Project\Dudezmobi_Staking\dms-api\vendor\slim\slim\Slim\MiddlewareDispatcher.php(283): class@anonymous->__invoke(Object(Slim\Psr7\Request), Object(class@anonymous))
#31 C:\Users\Jerold\Documents\Project\Dudezmobi_Staking\dms-api\src\app\middleware\GetParser.php(16): class@anonymous->handle(Object(Slim\Psr7\Request))
#32 C:\Users\Jerold\Documents\Project\Dudezmobi_Staking\dms-api\src\lib\middleware\Middleware.php(84): PangzLab\App\Middleware\GetParser->process(Object(Slim\Psr7\Request), Object(class@anonymous))
#33 C:\Users\Jerold\Documents\Project\Dudezmobi_Staking\dms-api\vendor\slim\slim\Slim\MiddlewareDispatcher.php(283): class@anonymous->__invoke(Object(Slim\Psr7\Request), Object(class@anonymous))
#34 C:\Users\Jerold\Documents\Project\Dudezmobi_Staking\dms-api\public\index.php(34): class@anonymous->handle(Object(Slim\Psr7\Request))
#35 C:\Users\Jerold\Documents\Project\Dudezmobi_Staking\dms-api\vendor\slim\slim\Slim\MiddlewareDispatcher.php(283): Closure->{closure}(Object(Slim\Psr7\Request), Object(class@anonymous))
#36 C:\Users\Jerold\Documents\Project\Dudezmobi_Staking\dms-api\vendor\slim\slim\Slim\Middleware\ErrorMiddleware.php(98): class@anonymous->handle(Object(Slim\Psr7\Request))
#37 C:\Users\Jerold\Documents\Project\Dudezmobi_Staking\dms-api\vendor\slim\slim\Slim\MiddlewareDispatcher.php(140): Slim\Middleware\ErrorMiddleware->process(Object(Slim\Psr7\Request), Object(class@anonymous))
#38 C:\Users\Jerold\Documents\Project\Dudezmobi_Staking\dms-api\vendor\slim\slim\Slim\MiddlewareDispatcher.php(81): class@anonymous->handle(Object(Slim\Psr7\Request))
#39 C:\Users\Jerold\Documents\Project\Dudezmobi_Staking\dms-api\vendor\slim\slim\Slim\App.php(211): Slim\MiddlewareDispatcher->handle(Object(Slim\Psr7\Request))
#40 C:\Users\Jerold\Documents\Project\Dudezmobi_Staking\dms-api\vendor\slim\slim\Slim\App.php(195): Slim\App->handle(Object(Slim\Psr7\Request))
#41 C:\Users\Jerold\Documents\Project\Dudezmobi_Staking\dms-api\public\index.php(86): Slim\App->run()
#42 {main}Slim Application Error
Type: Error
Code: 0
Message: Class 'PangzLab\App\Service\MySqlDbService\Repository' not found
File: C:\Users\Jerold\Documents\Project\Dudezmobi_Staking\dms-api\src\app\repository\User.php
Line: 10
Trace: #0 C:\Users\Jerold\Documents\Project\Dudezmobi_Staking\dms-api\vendor\composer\ClassLoader.php(444): include()
#1 C:\Users\Jerold\Documents\Project\Dudezmobi_Staking\dms-api\vendor\composer\ClassLoader.php(322): Composer\Autoload\includeFile('C:\\Users\\Jerold...')
#2 [internal function]: Composer\Autoload\ClassLoader->loadClass('PangzLab\\App\\Re...')
#3 C:\Users\Jerold\Documents\Project\Dudezmobi_Staking\dms-api\src\app\routing\User.php(18): spl_autoload_call('PangzLab\\App\\Re...')
#4 C:\Users\Jerold\Documents\Project\Dudezmobi_Staking\dms-api\vendor\php-di\php-di\src\Definition\Resolver\ObjectCreator.php(142): PangzLab\App\Routing\User->__construct(Object(DI\Container))
#5 C:\Users\Jerold\Documents\Project\Dudezmobi_Staking\dms-api\vendor\php-di\php-di\src\Definition\Resolver\ObjectCreator.php(71): DI\Definition\Resolver\ObjectCreator->createInstance(Object(DI\Definition\ObjectDefinition), Array)
#6 C:\Users\Jerold\Documents\Project\Dudezmobi_Staking\dms-api\vendor\php-di\php-di\src\Definition\Resolver\ResolverDispatcher.php(64): DI\Definition\Resolver\ObjectCreator->resolve(Object(DI\Definition\ObjectDefinition), Array)
#7 C:\Users\Jerold\Documents\Project\Dudezmobi_Staking\dms-api\vendor\php-di\php-di\src\Container.php(380): DI\Definition\Resolver\ResolverDispatcher->resolve(Object(DI\Definition\ObjectDefinition), Array)
#8 C:\Users\Jerold\Documents\Project\Dudezmobi_Staking\dms-api\vendor\php-di\php-di\src\Container.php(138): DI\Container->resolveDefinition(Object(DI\Definition\ObjectDefinition))
#9 C:\Users\Jerold\Documents\Project\Dudezmobi_Staking\dms-api\vendor\slim\slim\Slim\CallableResolver.php(144): DI\Container->get('PangzLab\\App\\Ro...')
#10 C:\Users\Jerold\Documents\Project\Dudezmobi_Staking\dms-api\vendor\slim\slim\Slim\CallableResolver.php(101): Slim\CallableResolver->resolveSlimNotation('PangzLab\\App\\Ro...')
#11 C:\Users\Jerold\Documents\Project\Dudezmobi_Staking\dms-api\vendor\slim\slim\Slim\CallableResolver.php(71): Slim\CallableResolver->resolveByPredicate('PangzLab\\App\\Ro...', Array, 'handle')
#12 C:\Users\Jerold\Documents\Project\Dudezmobi_Staking\dms-api\vendor\slim\slim\Slim\Routing\Route.php(366): Slim\CallableResolver->resolveRoute('PangzLab\\App\\Ro...')
#13 C:\Users\Jerold\Documents\Project\Dudezmobi_Staking\dms-api\vendor\slim\slim\Slim\MiddlewareDispatcher.php(81): Slim\Routing\Route->handle(Object(Slim\Psr7\Request))
#14 C:\Users\Jerold\Documents\Project\Dudezmobi_Staking\dms-api\vendor\slim\slim\Slim\MiddlewareDispatcher.php(81): Slim\MiddlewareDispatcher->handle(Object(Slim\Psr7\Request))
#15 C:\Users\Jerold\Documents\Project\Dudezmobi_Staking\dms-api\vendor\slim\slim\Slim\Routing\Route.php(341): Slim\MiddlewareDispatcher->handle(Object(Slim\Psr7\Request))
#16 C:\Users\Jerold\Documents\Project\Dudezmobi_Staking\dms-api\vendor\slim\slim\Slim\Routing\RouteRunner.php(84): Slim\Routing\Route->run(Object(Slim\Psr7\Request))
#17 C:\Users\Jerold\Documents\Project\Dudezmobi_Staking\dms-api\vendor\slim\slim\Slim\Middleware\RoutingMiddleware.php(60): Slim\Routing\RouteRunner->handle(Object(Slim\Psr7\Request))
#18 C:\Users\Jerold\Documents\Project\Dudezmobi_Staking\dms-api\vendor\slim\slim\Slim\MiddlewareDispatcher.php(140): Slim\Middleware\RoutingMiddleware->process(Object(Slim\Psr7\Request), Object(Slim\Routing\RouteRunner))
#19 C:\Users\Jerold\Documents\Project\Dudezmobi_Staking\dms-api\src\app\middleware\SessionChecker.php(16): class@anonymous->handle(Object(Slim\Psr7\Request))
#20 C:\Users\Jerold\Documents\Project\Dudezmobi_Staking\dms-api\src\lib\middleware\Middleware.php(84): PangzLab\App\Middleware\SessionChecker->process(Object(Slim\Psr7\Request), Object(class@anonymous))
#21 C:\Users\Jerold\Documents\Project\Dudezmobi_Staking\dms-api\vendor\slim\slim\Slim\MiddlewareDispatcher.php(283): class@anonymous->__invoke(Object(Slim\Psr7\Request), Object(class@anonymous))
#22 C:\Users\Jerold\Documents\Project\Dudezmobi_Staking\dms-api\src\app\middleware\Parser.php(17): class@anonymous->handle(Object(Slim\Psr7\Request))
#23 C:\Users\Jerold\Documents\Project\Dudezmobi_Staking\dms-api\src\lib\middleware\Middleware.php(84): PangzLab\App\Middleware\Parser->process(Object(Slim\Psr7\Request), Object(class@anonymous))
#24 C:\Users\Jerold\Documents\Project\Dudezmobi_Staking\dms-api\vendor\slim\slim\Slim\MiddlewareDispatcher.php(283): class@anonymous->__invoke(Object(Slim\Psr7\Request), Object(class@anonymous))
#25 C:\Users\Jerold\Documents\Project\Dudezmobi_Staking\dms-api\src\app\middleware\SessionChecker.php(16): class@anonymous->handle(Object(Slim\Psr7\Request))
#26 C:\Users\Jerold\Documents\Project\Dudezmobi_Staking\dms-api\src\lib\middleware\Middleware.php(84): PangzLab\App\Middleware\SessionChecker->process(Object(Slim\Psr7\Request), Object(class@anonymous))
#27 C:\Users\Jerold\Documents\Project\Dudezmobi_Staking\dms-api\vendor\slim\slim\Slim\MiddlewareDispatcher.php(283): class@anonymous->__invoke(Object(Slim\Psr7\Request), Object(class@anonymous))
#28 C:\Users\Jerold\Documents\Project\Dudezmobi_Staking\dms-api\src\app\middleware\Parser.php(17): class@anonymous->handle(Object(Slim\Psr7\Request))
#29 C:\Users\Jerold\Documents\Project\Dudezmobi_Staking\dms-api\src\lib\middleware\Middleware.php(84): PangzLab\App\Middleware\Parser->process(Object(Slim\Psr7\Request), Object(class@anonymous))
#30 C:\Users\Jerold\Documents\Project\Dudezmobi_Staking\dms-api\vendor\slim\slim\Slim\MiddlewareDispatcher.php(283): class@anonymous->__invoke(Object(Slim\Psr7\Request), Object(class@anonymous))
#31 C:\Users\Jerold\Documents\Project\Dudezmobi_Staking\dms-api\src\app\middleware\GetParser.php(16): class@anonymous->handle(Object(Slim\Psr7\Request))
#32 C:\Users\Jerold\Documents\Project\Dudezmobi_Staking\dms-api\src\lib\middleware\Middleware.php(84): PangzLab\App\Middleware\GetParser->process(Object(Slim\Psr7\Request), Object(class@anonymous))
#33 C:\Users\Jerold\Documents\Project\Dudezmobi_Staking\dms-api\vendor\slim\slim\Slim\MiddlewareDispatcher.php(283): class@anonymous->__invoke(Object(Slim\Psr7\Request), Object(class@anonymous))
#34 C:\Users\Jerold\Documents\Project\Dudezmobi_Staking\dms-api\public\index.php(34): class@anonymous->handle(Object(Slim\Psr7\Request))
#35 C:\Users\Jerold\Documents\Project\Dudezmobi_Staking\dms-api\vendor\slim\slim\Slim\MiddlewareDispatcher.php(283): Closure->{closure}(Object(Slim\Psr7\Request), Object(class@anonymous))
#36 C:\Users\Jerold\Documents\Project\Dudezmobi_Staking\dms-api\vendor\slim\slim\Slim\Middleware\ErrorMiddleware.php(98): class@anonymous->handle(Object(Slim\Psr7\Request))
#37 C:\Users\Jerold\Documents\Project\Dudezmobi_Staking\dms-api\vendor\slim\slim\Slim\MiddlewareDispatcher.php(140): Slim\Middleware\ErrorMiddleware->process(Object(Slim\Psr7\Request), Object(class@anonymous))
#38 C:\Users\Jerold\Documents\Project\Dudezmobi_Staking\dms-api\vendor\slim\slim\Slim\MiddlewareDispatcher.php(81): class@anonymous->handle(Object(Slim\Psr7\Request))
#39 C:\Users\Jerold\Documents\Project\Dudezmobi_Staking\dms-api\vendor\slim\slim\Slim\App.php(211): Slim\MiddlewareDispatcher->handle(Object(Slim\Psr7\Request))
#40 C:\Users\Jerold\Documents\Project\Dudezmobi_Staking\dms-api\vendor\slim\slim\Slim\App.php(195): Slim\App->handle(Object(Slim\Psr7\Request))
#41 C:\Users\Jerold\Documents\Project\Dudezmobi_Staking\dms-api\public\index.php(86): Slim\App->run()
#42 {main}500 Internal Server Error
Type: Slim\Exception\HttpInternalServerErrorException
Code: 500
Message: Internal server error.
File: C:\Users\Jerold\Documents\Project\Dudezmobi_Staking\dms-api\public\index.php
Line: 55
Trace: #0 C:\Users\Jerold\Documents\Project\Dudezmobi_Staking\dms-api\vendor\slim\slim\Slim\Handlers\Strategies\RequestResponse.php(43): Closure->{closure}(Object(Slim\Psr7\Request), Object(Slim\Psr7\Response), Array)
#1 C:\Users\Jerold\Documents\Project\Dudezmobi_Staking\dms-api\vendor\slim\slim\Slim\Routing\Route.php(381): Slim\Handlers\Strategies\RequestResponse->__invoke(Object(Closure), Object(Slim\Psr7\Request), Object(Slim\Psr7\Response), Array)
#2 C:\Users\Jerold\Documents\Project\Dudezmobi_Staking\dms-api\vendor\slim\slim\Slim\MiddlewareDispatcher.php(81): Slim\Routing\Route->handle(Object(Slim\Psr7\Request))
#3 C:\Users\Jerold\Documents\Project\Dudezmobi_Staking\dms-api\vendor\slim\slim\Slim\MiddlewareDispatcher.php(81): Slim\MiddlewareDispatcher->handle(Object(Slim\Psr7\Request))
#4 C:\Users\Jerold\Documents\Project\Dudezmobi_Staking\dms-api\vendor\slim\slim\Slim\Routing\Route.php(341): Slim\MiddlewareDispatcher->handle(Object(Slim\Psr7\Request))
#5 C:\Users\Jerold\Documents\Project\Dudezmobi_Staking\dms-api\vendor\slim\slim\Slim\Routing\RouteRunner.php(84): Slim\Routing\Route->run(Object(Slim\Psr7\Request))
#6 C:\Users\Jerold\Documents\Project\Dudezmobi_Staking\dms-api\vendor\slim\slim\Slim\Middleware\RoutingMiddleware.php(60): Slim\Routing\RouteRunner->handle(Object(Slim\Psr7\Request))
#7 C:\Users\Jerold\Documents\Project\Dudezmobi_Staking\dms-api\vendor\slim\slim\Slim\MiddlewareDispatcher.php(140): Slim\Middleware\RoutingMiddleware->process(Object(Slim\Psr7\Request), Object(Slim\Routing\RouteRunner))
#8 C:\Users\Jerold\Documents\Project\Dudezmobi_Staking\dms-api\src\app\middleware\SessionChecker.php(16): class@anonymous->handle(Object(Slim\Psr7\Request))
#9 C:\Users\Jerold\Documents\Project\Dudezmobi_Staking\dms-api\src\lib\middleware\Middleware.php(84): PangzLab\App\Middleware\SessionChecker->process(Object(Slim\Psr7\Request), Object(class@anonymous))
#10 C:\Users\Jerold\Documents\Project\Dudezmobi_Staking\dms-api\vendor\slim\slim\Slim\MiddlewareDispatcher.php(283): class@anonymous->__invoke(Object(Slim\Psr7\Request), Object(class@anonymous))
#11 C:\Users\Jerold\Documents\Project\Dudezmobi_Staking\dms-api\src\app\middleware\Parser.php(17): class@anonymous->handle(Object(Slim\Psr7\Request))
#12 C:\Users\Jerold\Documents\Project\Dudezmobi_Staking\dms-api\src\lib\middleware\Middleware.php(84): PangzLab\App\Middleware\Parser->process(Object(Slim\Psr7\Request), Object(class@anonymous))
#13 C:\Users\Jerold\Documents\Project\Dudezmobi_Staking\dms-api\vendor\slim\slim\Slim\MiddlewareDispatcher.php(283): class@anonymous->__invoke(Object(Slim\Psr7\Request), Object(class@anonymous))
#14 C:\Users\Jerold\Documents\Project\Dudezmobi_Staking\dms-api\src\app\middleware\SessionChecker.php(16): class@anonymous->handle(Object(Slim\Psr7\Request))
#15 C:\Users\Jerold\Documents\Project\Dudezmobi_Staking\dms-api\src\lib\middleware\Middleware.php(84): PangzLab\App\Middleware\SessionChecker->process(Object(Slim\Psr7\Request), Object(class@anonymous))
#16 C:\Users\Jerold\Documents\Project\Dudezmobi_Staking\dms-api\vendor\slim\slim\Slim\MiddlewareDispatcher.php(283): class@anonymous->__invoke(Object(Slim\Psr7\Request), Object(class@anonymous))
#17 C:\Users\Jerold\Documents\Project\Dudezmobi_Staking\dms-api\src\app\middleware\Parser.php(17): class@anonymous->handle(Object(Slim\Psr7\Request))
#18 C:\Users\Jerold\Documents\Project\Dudezmobi_Staking\dms-api\src\lib\middleware\Middleware.php(84): PangzLab\App\Middleware\Parser->process(Object(Slim\Psr7\Request), Object(class@anonymous))
#19 C:\Users\Jerold\Documents\Project\Dudezmobi_Staking\dms-api\vendor\slim\slim\Slim\MiddlewareDispatcher.php(283): class@anonymous->__invoke(Object(Slim\Psr7\Request), Object(class@anonymous))
#20 C:\Users\Jerold\Documents\Project\Dudezmobi_Staking\dms-api\src\app\middleware\GetParser.php(16): class@anonymous->handle(Object(Slim\Psr7\Request))
#21 C:\Users\Jerold\Documents\Project\Dudezmobi_Staking\dms-api\src\lib\middleware\Middleware.php(84): PangzLab\App\Middleware\GetParser->process(Object(Slim\Psr7\Request), Object(class@anonymous))
#22 C:\Users\Jerold\Documents\Project\Dudezmobi_Staking\dms-api\vendor\slim\slim\Slim\MiddlewareDispatcher.php(283): class@anonymous->__invoke(Object(Slim\Psr7\Request), Object(class@anonymous))
#23 C:\Users\Jerold\Documents\Project\Dudezmobi_Staking\dms-api\public\index.php(34): class@anonymous->handle(Object(Slim\Psr7\Request))
#24 C:\Users\Jerold\Documents\Project\Dudezmobi_Staking\dms-api\vendor\slim\slim\Slim\MiddlewareDispatcher.php(283): Closure->{closure}(Object(Slim\Psr7\Request), Object(class@anonymous))
#25 C:\Users\Jerold\Documents\Project\Dudezmobi_Staking\dms-api\vendor\slim\slim\Slim\Middleware\ErrorMiddleware.php(98): class@anonymous->handle(Object(Slim\Psr7\Request))
#26 C:\Users\Jerold\Documents\Project\Dudezmobi_Staking\dms-api\vendor\slim\slim\Slim\MiddlewareDispatcher.php(140): Slim\Middleware\ErrorMiddleware->process(Object(Slim\Psr7\Request), Object(class@anonymous))
#27 C:\Users\Jerold\Documents\Project\Dudezmobi_Staking\dms-api\vendor\slim\slim\Slim\MiddlewareDispatcher.php(81): class@anonymous->handle(Object(Slim\Psr7\Request))
#28 C:\Users\Jerold\Documents\Project\Dudezmobi_Staking\dms-api\vendor\slim\slim\Slim\App.php(211): Slim\MiddlewareDispatcher->handle(Object(Slim\Psr7\Request))
#29 C:\Users\Jerold\Documents\Project\Dudezmobi_Staking\dms-api\vendor\slim\slim\Slim\App.php(195): Slim\App->handle(Object(Slim\Psr7\Request))
#30 C:\Users\Jerold\Documents\Project\Dudezmobi_Staking\dms-api\public\index.php(86): Slim\App->run()
#31 {main}500 Internal Server Error
Type: Slim\Exception\HttpInternalServerErrorException
Code: 500
Message: Internal server error.
File: C:\Users\Jerold\Documents\Project\Dudezmobi_Staking\dms-api\public\index.php
Line: 55
Trace: #0 C:\Users\Jerold\Documents\Project\Dudezmobi_Staking\dms-api\vendor\slim\slim\Slim\Handlers\Strategies\RequestResponse.php(43): Closure->{closure}(Object(Slim\Psr7\Request), Object(Slim\Psr7\Response), Array)
#1 C:\Users\Jerold\Documents\Project\Dudezmobi_Staking\dms-api\vendor\slim\slim\Slim\Routing\Route.php(381): Slim\Handlers\Strategies\RequestResponse->__invoke(Object(Closure), Object(Slim\Psr7\Request), Object(Slim\Psr7\Response), Array)
#2 C:\Users\Jerold\Documents\Project\Dudezmobi_Staking\dms-api\vendor\slim\slim\Slim\MiddlewareDispatcher.php(81): Slim\Routing\Route->handle(Object(Slim\Psr7\Request))
#3 C:\Users\Jerold\Documents\Project\Dudezmobi_Staking\dms-api\vendor\slim\slim\Slim\MiddlewareDispatcher.php(81): Slim\MiddlewareDispatcher->handle(Object(Slim\Psr7\Request))
#4 C:\Users\Jerold\Documents\Project\Dudezmobi_Staking\dms-api\vendor\slim\slim\Slim\Routing\Route.php(341): Slim\MiddlewareDispatcher->handle(Object(Slim\Psr7\Request))
#5 C:\Users\Jerold\Documents\Project\Dudezmobi_Staking\dms-api\vendor\slim\slim\Slim\Routing\RouteRunner.php(84): Slim\Routing\Route->run(Object(Slim\Psr7\Request))
#6 C:\Users\Jerold\Documents\Project\Dudezmobi_Staking\dms-api\vendor\slim\slim\Slim\Middleware\RoutingMiddleware.php(60): Slim\Routing\RouteRunner->handle(Object(Slim\Psr7\Request))
#7 C:\Users\Jerold\Documents\Project\Dudezmobi_Staking\dms-api\vendor\slim\slim\Slim\MiddlewareDispatcher.php(140): Slim\Middleware\RoutingMiddleware->process(Object(Slim\Psr7\Request), Object(Slim\Routing\RouteRunner))
#8 C:\Users\Jerold\Documents\Project\Dudezmobi_Staking\dms-api\src\app\middleware\SessionChecker.php(16): class@anonymous->handle(Object(Slim\Psr7\Request))
#9 C:\Users\Jerold\Documents\Project\Dudezmobi_Staking\dms-api\src\lib\middleware\Middleware.php(84): PangzLab\App\Middleware\SessionChecker->process(Object(Slim\Psr7\Request), Object(class@anonymous))
#10 C:\Users\Jerold\Documents\Project\Dudezmobi_Staking\dms-api\vendor\slim\slim\Slim\MiddlewareDispatcher.php(283): class@anonymous->__invoke(Object(Slim\Psr7\Request), Object(class@anonymous))
#11 C:\Users\Jerold\Documents\Project\Dudezmobi_Staking\dms-api\src\app\middleware\Parser.php(17): class@anonymous->handle(Object(Slim\Psr7\Request))
#12 C:\Users\Jerold\Documents\Project\Dudezmobi_Staking\dms-api\src\lib\middleware\Middleware.php(84): PangzLab\App\Middleware\Parser->process(Object(Slim\Psr7\Request), Object(class@anonymous))
#13 C:\Users\Jerold\Documents\Project\Dudezmobi_Staking\dms-api\vendor\slim\slim\Slim\MiddlewareDispatcher.php(283): class@anonymous->__invoke(Object(Slim\Psr7\Request), Object(class@anonymous))
#14 C:\Users\Jerold\Documents\Project\Dudezmobi_Staking\dms-api\src\app\middleware\SessionChecker.php(16): class@anonymous->handle(Object(Slim\Psr7\Request))
#15 C:\Users\Jerold\Documents\Project\Dudezmobi_Staking\dms-api\src\lib\middleware\Middleware.php(84): PangzLab\App\Middleware\SessionChecker->process(Object(Slim\Psr7\Request), Object(class@anonymous))
#16 C:\Users\Jerold\Documents\Project\Dudezmobi_Staking\dms-api\vendor\slim\slim\Slim\MiddlewareDispatcher.php(283): class@anonymous->__invoke(Object(Slim\Psr7\Request), Object(class@anonymous))
#17 C:\Users\Jerold\Documents\Project\Dudezmobi_Staking\dms-api\src\app\middleware\Parser.php(17): class@anonymous->handle(Object(Slim\Psr7\Request))
#18 C:\Users\Jerold\Documents\Project\Dudezmobi_Staking\dms-api\src\lib\middleware\Middleware.php(84): PangzLab\App\Middleware\Parser->process(Object(Slim\Psr7\Request), Object(class@anonymous))
#19 C:\Users\Jerold\Documents\Project\Dudezmobi_Staking\dms-api\vendor\slim\slim\Slim\MiddlewareDispatcher.php(283): class@anonymous->__invoke(Object(Slim\Psr7\Request), Object(class@anonymous))
#20 C:\Users\Jerold\Documents\Project\Dudezmobi_Staking\dms-api\src\app\middleware\GetParser.php(16): class@anonymous->handle(Object(Slim\Psr7\Request))
#21 C:\Users\Jerold\Documents\Project\Dudezmobi_Staking\dms-api\src\lib\middleware\Middleware.php(84): PangzLab\App\Middleware\GetParser->process(Object(Slim\Psr7\Request), Object(class@anonymous))
#22 C:\Users\Jerold\Documents\Project\Dudezmobi_Staking\dms-api\vendor\slim\slim\Slim\MiddlewareDispatcher.php(283): class@anonymous->__invoke(Object(Slim\Psr7\Request), Object(class@anonymous))
#23 C:\Users\Jerold\Documents\Project\Dudezmobi_Staking\dms-api\public\index.php(34): class@anonymous->handle(Object(Slim\Psr7\Request))
#24 C:\Users\Jerold\Documents\Project\Dudezmobi_Staking\dms-api\vendor\slim\slim\Slim\MiddlewareDispatcher.php(283): Closure->{closure}(Object(Slim\Psr7\Request), Object(class@anonymous))
#25 C:\Users\Jerold\Documents\Project\Dudezmobi_Staking\dms-api\vendor\slim\slim\Slim\Middleware\ErrorMiddleware.php(98): class@anonymous->handle(Object(Slim\Psr7\Request))
#26 C:\Users\Jerold\Documents\Project\Dudezmobi_Staking\dms-api\vendor\slim\slim\Slim\MiddlewareDispatcher.php(140): Slim\Middleware\ErrorMiddleware->process(Object(Slim\Psr7\Request), Object(class@anonymous))
#27 C:\Users\Jerold\Documents\Project\Dudezmobi_Staking\dms-api\vendor\slim\slim\Slim\MiddlewareDispatcher.php(81): class@anonymous->handle(Object(Slim\Psr7\Request))
#28 C:\Users\Jerold\Documents\Project\Dudezmobi_Staking\dms-api\vendor\slim\slim\Slim\App.php(211): Slim\MiddlewareDispatcher->handle(Object(Slim\Psr7\Request))
#29 C:\Users\Jerold\Documents\Project\Dudezmobi_Staking\dms-api\vendor\slim\slim\Slim\App.php(195): Slim\App->handle(Object(Slim\Psr7\Request))
#30 C:\Users\Jerold\Documents\Project\Dudezmobi_Staking\dms-api\public\index.php(86): Slim\App->run()
#31 {main}Slim Application Error
Type: Error
Code: 0
Message: Class 'PangzLab\App\Service\MySqlDbService\Repository' not found
File: C:\Users\Jerold\Documents\Project\Dudezmobi_Staking\dms-api\src\app\repository\User.php
Line: 10
Trace: #0 C:\Users\Jerold\Documents\Project\Dudezmobi_Staking\dms-api\vendor\composer\ClassLoader.php(444): include()
#1 C:\Users\Jerold\Documents\Project\Dudezmobi_Staking\dms-api\vendor\composer\ClassLoader.php(322): Composer\Autoload\includeFile('C:\\Users\\Jerold...')
#2 [internal function]: Composer\Autoload\ClassLoader->loadClass('PangzLab\\App\\Re...')
#3 C:\Users\Jerold\Documents\Project\Dudezmobi_Staking\dms-api\src\app\routing\User.php(18): spl_autoload_call('PangzLab\\App\\Re...')
#4 C:\Users\Jerold\Documents\Project\Dudezmobi_Staking\dms-api\vendor\php-di\php-di\src\Definition\Resolver\ObjectCreator.php(142): PangzLab\App\Routing\User->__construct(Object(DI\Container))
#5 C:\Users\Jerold\Documents\Project\Dudezmobi_Staking\dms-api\vendor\php-di\php-di\src\Definition\Resolver\ObjectCreator.php(71): DI\Definition\Resolver\ObjectCreator->createInstance(Object(DI\Definition\ObjectDefinition), Array)
#6 C:\Users\Jerold\Documents\Project\Dudezmobi_Staking\dms-api\vendor\php-di\php-di\src\Definition\Resolver\ResolverDispatcher.php(64): DI\Definition\Resolver\ObjectCreator->resolve(Object(DI\Definition\ObjectDefinition), Array)
#7 C:\Users\Jerold\Documents\Project\Dudezmobi_Staking\dms-api\vendor\php-di\php-di\src\Container.php(380): DI\Definition\Resolver\ResolverDispatcher->resolve(Object(DI\Definition\ObjectDefinition), Array)
#8 C:\Users\Jerold\Documents\Project\Dudezmobi_Staking\dms-api\vendor\php-di\php-di\src\Container.php(138): DI\Container->resolveDefinition(Object(DI\Definition\ObjectDefinition))
#9 C:\Users\Jerold\Documents\Project\Dudezmobi_Staking\dms-api\vendor\slim\slim\Slim\CallableResolver.php(144): DI\Container->get('PangzLab\\App\\Ro...')
#10 C:\Users\Jerold\Documents\Project\Dudezmobi_Staking\dms-api\vendor\slim\slim\Slim\CallableResolver.php(101): Slim\CallableResolver->resolveSlimNotation('PangzLab\\App\\Ro...')
#11 C:\Users\Jerold\Documents\Project\Dudezmobi_Staking\dms-api\vendor\slim\slim\Slim\CallableResolver.php(71): Slim\CallableResolver->resolveByPredicate('PangzLab\\App\\Ro...', Array, 'handle')
#12 C:\Users\Jerold\Documents\Project\Dudezmobi_Staking\dms-api\vendor\slim\slim\Slim\Routing\Route.php(366): Slim\CallableResolver->resolveRoute('PangzLab\\App\\Ro...')
#13 C:\Users\Jerold\Documents\Project\Dudezmobi_Staking\dms-api\vendor\slim\slim\Slim\MiddlewareDispatcher.php(81): Slim\Routing\Route->handle(Object(Slim\Psr7\Request))
#14 C:\Users\Jerold\Documents\Project\Dudezmobi_Staking\dms-api\vendor\slim\slim\Slim\MiddlewareDispatcher.php(81): Slim\MiddlewareDispatcher->handle(Object(Slim\Psr7\Request))
#15 C:\Users\Jerold\Documents\Project\Dudezmobi_Staking\dms-api\vendor\slim\slim\Slim\Routing\Route.php(341): Slim\MiddlewareDispatcher->handle(Object(Slim\Psr7\Request))
#16 C:\Users\Jerold\Documents\Project\Dudezmobi_Staking\dms-api\vendor\slim\slim\Slim\Routing\RouteRunner.php(84): Slim\Routing\Route->run(Object(Slim\Psr7\Request))
#17 C:\Users\Jerold\Documents\Project\Dudezmobi_Staking\dms-api\vendor\slim\slim\Slim\Middleware\RoutingMiddleware.php(60): Slim\Routing\RouteRunner->handle(Object(Slim\Psr7\Request))
#18 C:\Users\Jerold\Documents\Project\Dudezmobi_Staking\dms-api\vendor\slim\slim\Slim\MiddlewareDispatcher.php(140): Slim\Middleware\RoutingMiddleware->process(Object(Slim\Psr7\Request), Object(Slim\Routing\RouteRunner))
#19 C:\Users\Jerold\Documents\Project\Dudezmobi_Staking\dms-api\src\app\middleware\SessionChecker.php(16): class@anonymous->handle(Object(Slim\Psr7\Request))
#20 C:\Users\Jerold\Documents\Project\Dudezmobi_Staking\dms-api\src\lib\middleware\Middleware.php(84): PangzLab\App\Middleware\SessionChecker->process(Object(Slim\Psr7\Request), Object(class@anonymous))
#21 C:\Users\Jerold\Documents\Project\Dudezmobi_Staking\dms-api\vendor\slim\slim\Slim\MiddlewareDispatcher.php(283): class@anonymous->__invoke(Object(Slim\Psr7\Request), Object(class@anonymous))
#22 C:\Users\Jerold\Documents\Project\Dudezmobi_Staking\dms-api\src\app\middleware\Parser.php(17): class@anonymous->handle(Object(Slim\Psr7\Request))
#23 C:\Users\Jerold\Documents\Project\Dudezmobi_Staking\dms-api\src\lib\middleware\Middleware.php(84): PangzLab\App\Middleware\Parser->process(Object(Slim\Psr7\Request), Object(class@anonymous))
#24 C:\Users\Jerold\Documents\Project\Dudezmobi_Staking\dms-api\vendor\slim\slim\Slim\MiddlewareDispatcher.php(283): class@anonymous->__invoke(Object(Slim\Psr7\Request), Object(class@anonymous))
#25 C:\Users\Jerold\Documents\Project\Dudezmobi_Staking\dms-api\src\app\middleware\SessionChecker.php(16): class@anonymous->handle(Object(Slim\Psr7\Request))
#26 C:\Users\Jerold\Documents\Project\Dudezmobi_Staking\dms-api\src\lib\middleware\Middleware.php(84): PangzLab\App\Middleware\SessionChecker->process(Object(Slim\Psr7\Request), Object(class@anonymous))
#27 C:\Users\Jerold\Documents\Project\Dudezmobi_Staking\dms-api\vendor\slim\slim\Slim\MiddlewareDispatcher.php(283): class@anonymous->__invoke(Object(Slim\Psr7\Request), Object(class@anonymous))
#28 C:\Users\Jerold\Documents\Project\Dudezmobi_Staking\dms-api\src\app\middleware\Parser.php(17): class@anonymous->handle(Object(Slim\Psr7\Request))
#29 C:\Users\Jerold\Documents\Project\Dudezmobi_Staking\dms-api\src\lib\middleware\Middleware.php(84): PangzLab\App\Middleware\Parser->process(Object(Slim\Psr7\Request), Object(class@anonymous))
#30 C:\Users\Jerold\Documents\Project\Dudezmobi_Staking\dms-api\vendor\slim\slim\Slim\MiddlewareDispatcher.php(283): class@anonymous->__invoke(Object(Slim\Psr7\Request), Object(class@anonymous))
#31 C:\Users\Jerold\Documents\Project\Dudezmobi_Staking\dms-api\src\app\middleware\GetParser.php(16): class@anonymous->handle(Object(Slim\Psr7\Request))
#32 C:\Users\Jerold\Documents\Project\Dudezmobi_Staking\dms-api\src\lib\middleware\Middleware.php(84): PangzLab\App\Middleware\GetParser->process(Object(Slim\Psr7\Request), Object(class@anonymous))
#33 C:\Users\Jerold\Documents\Project\Dudezmobi_Staking\dms-api\vendor\slim\slim\Slim\MiddlewareDispatcher.php(283): class@anonymous->__invoke(Object(Slim\Psr7\Request), Object(class@anonymous))
#34 C:\Users\Jerold\Documents\Project\Dudezmobi_Staking\dms-api\public\index.php(34): class@anonymous->handle(Object(Slim\Psr7\Request))
#35 C:\Users\Jerold\Documents\Project\Dudezmobi_Staking\dms-api\vendor\slim\slim\Slim\MiddlewareDispatcher.php(283): Closure->{closure}(Object(Slim\Psr7\Request), Object(class@anonymous))
#36 C:\Users\Jerold\Documents\Project\Dudezmobi_Staking\dms-api\vendor\slim\slim\Slim\Middleware\ErrorMiddleware.php(98): class@anonymous->handle(Object(Slim\Psr7\Request))
#37 C:\Users\Jerold\Documents\Project\Dudezmobi_Staking\dms-api\vendor\slim\slim\Slim\MiddlewareDispatcher.php(140): Slim\Middleware\ErrorMiddleware->process(Object(Slim\Psr7\Request), Object(class@anonymous))
#38 C:\Users\Jerold\Documents\Project\Dudezmobi_Staking\dms-api\vendor\slim\slim\Slim\MiddlewareDispatcher.php(81): class@anonymous->handle(Object(Slim\Psr7\Request))
#39 C:\Users\Jerold\Documents\Project\Dudezmobi_Staking\dms-api\vendor\slim\slim\Slim\App.php(211): Slim\MiddlewareDispatcher->handle(Object(Slim\Psr7\Request))
#40 C:\Users\Jerold\Documents\Project\Dudezmobi_Staking\dms-api\vendor\slim\slim\Slim\App.php(195): Slim\App->handle(Object(Slim\Psr7\Request))
#41 C:\Users\Jerold\Documents\Project\Dudezmobi_Staking\dms-api\public\index.php(86): Slim\App->run()
#42 {main}Slim Application Error
Type: Error
Code: 0
Message: Class 'PangzLab\App\Service\MySqlDbService\Repository' not found
File: C:\Users\Jerold\Documents\Project\Dudezmobi_Staking\dms-api\src\app\repository\User.php
Line: 10
Trace: #0 C:\Users\Jerold\Documents\Project\Dudezmobi_Staking\dms-api\vendor\composer\ClassLoader.php(444): include()
#1 C:\Users\Jerold\Documents\Project\Dudezmobi_Staking\dms-api\vendor\composer\ClassLoader.php(322): Composer\Autoload\includeFile('C:\\Users\\Jerold...')
#2 [internal function]: Composer\Autoload\ClassLoader->loadClass('PangzLab\\App\\Re...')
#3 C:\Users\Jerold\Documents\Project\Dudezmobi_Staking\dms-api\src\app\routing\User.php(18): spl_autoload_call('PangzLab\\App\\Re...')
#4 C:\Users\Jerold\Documents\Project\Dudezmobi_Staking\dms-api\vendor\php-di\php-di\src\Definition\Resolver\ObjectCreator.php(142): PangzLab\App\Routing\User->__construct(Object(DI\Container))
#5 C:\Users\Jerold\Documents\Project\Dudezmobi_Staking\dms-api\vendor\php-di\php-di\src\Definition\Resolver\ObjectCreator.php(71): DI\Definition\Resolver\ObjectCreator->createInstance(Object(DI\Definition\ObjectDefinition), Array)
#6 C:\Users\Jerold\Documents\Project\Dudezmobi_Staking\dms-api\vendor\php-di\php-di\src\Definition\Resolver\ResolverDispatcher.php(64): DI\Definition\Resolver\ObjectCreator->resolve(Object(DI\Definition\ObjectDefinition), Array)
#7 C:\Users\Jerold\Documents\Project\Dudezmobi_Staking\dms-api\vendor\php-di\php-di\src\Container.php(380): DI\Definition\Resolver\ResolverDispatcher->resolve(Object(DI\Definition\ObjectDefinition), Array)
#8 C:\Users\Jerold\Documents\Project\Dudezmobi_Staking\dms-api\vendor\php-di\php-di\src\Container.php(138): DI\Container->resolveDefinition(Object(DI\Definition\ObjectDefinition))
#9 C:\Users\Jerold\Documents\Project\Dudezmobi_Staking\dms-api\vendor\slim\slim\Slim\CallableResolver.php(144): DI\Container->get('PangzLab\\App\\Ro...')
#10 C:\Users\Jerold\Documents\Project\Dudezmobi_Staking\dms-api\vendor\slim\slim\Slim\CallableResolver.php(101): Slim\CallableResolver->resolveSlimNotation('PangzLab\\App\\Ro...')
#11 C:\Users\Jerold\Documents\Project\Dudezmobi_Staking\dms-api\vendor\slim\slim\Slim\CallableResolver.php(71): Slim\CallableResolver->resolveByPredicate('PangzLab\\App\\Ro...', Array, 'handle')
#12 C:\Users\Jerold\Documents\Project\Dudezmobi_Staking\dms-api\vendor\slim\slim\Slim\Routing\Route.php(366): Slim\CallableResolver->resolveRoute('PangzLab\\App\\Ro...')
#13 C:\Users\Jerold\Documents\Project\Dudezmobi_Staking\dms-api\vendor\slim\slim\Slim\MiddlewareDispatcher.php(81): Slim\Routing\Route->handle(Object(Slim\Psr7\Request))
#14 C:\Users\Jerold\Documents\Project\Dudezmobi_Staking\dms-api\vendor\slim\slim\Slim\MiddlewareDispatcher.php(81): Slim\MiddlewareDispatcher->handle(Object(Slim\Psr7\Request))
#15 C:\Users\Jerold\Documents\Project\Dudezmobi_Staking\dms-api\vendor\slim\slim\Slim\Routing\Route.php(341): Slim\MiddlewareDispatcher->handle(Object(Slim\Psr7\Request))
#16 C:\Users\Jerold\Documents\Project\Dudezmobi_Staking\dms-api\vendor\slim\slim\Slim\Routing\RouteRunner.php(84): Slim\Routing\Route->run(Object(Slim\Psr7\Request))
#17 C:\Users\Jerold\Documents\Project\Dudezmobi_Staking\dms-api\vendor\slim\slim\Slim\Middleware\RoutingMiddleware.php(60): Slim\Routing\RouteRunner->handle(Object(Slim\Psr7\Request))
#18 C:\Users\Jerold\Documents\Project\Dudezmobi_Staking\dms-api\vendor\slim\slim\Slim\MiddlewareDispatcher.php(140): Slim\Middleware\RoutingMiddleware->process(Object(Slim\Psr7\Request), Object(Slim\Routing\RouteRunner))
#19 C:\Users\Jerold\Documents\Project\Dudezmobi_Staking\dms-api\src\app\middleware\SessionChecker.php(16): class@anonymous->handle(Object(Slim\Psr7\Request))
#20 C:\Users\Jerold\Documents\Project\Dudezmobi_Staking\dms-api\src\lib\middleware\Middleware.php(84): PangzLab\App\Middleware\SessionChecker->process(Object(Slim\Psr7\Request), Object(class@anonymous))
#21 C:\Users\Jerold\Documents\Project\Dudezmobi_Staking\dms-api\vendor\slim\slim\Slim\MiddlewareDispatcher.php(283): class@anonymous->__invoke(Object(Slim\Psr7\Request), Object(class@anonymous))
#22 C:\Users\Jerold\Documents\Project\Dudezmobi_Staking\dms-api\src\app\middleware\Parser.php(17): class@anonymous->handle(Object(Slim\Psr7\Request))
#23 C:\Users\Jerold\Documents\Project\Dudezmobi_Staking\dms-api\src\lib\middleware\Middleware.php(84): PangzLab\App\Middleware\Parser->process(Object(Slim\Psr7\Request), Object(class@anonymous))
#24 C:\Users\Jerold\Documents\Project\Dudezmobi_Staking\dms-api\vendor\slim\slim\Slim\MiddlewareDispatcher.php(283): class@anonymous->__invoke(Object(Slim\Psr7\Request), Object(class@anonymous))
#25 C:\Users\Jerold\Documents\Project\Dudezmobi_Staking\dms-api\src\app\middleware\SessionChecker.php(16): class@anonymous->handle(Object(Slim\Psr7\Request))
#26 C:\Users\Jerold\Documents\Project\Dudezmobi_Staking\dms-api\src\lib\middleware\Middleware.php(84): PangzLab\App\Middleware\SessionChecker->process(Object(Slim\Psr7\Request), Object(class@anonymous))
#27 C:\Users\Jerold\Documents\Project\Dudezmobi_Staking\dms-api\vendor\slim\slim\Slim\MiddlewareDispatcher.php(283): class@anonymous->__invoke(Object(Slim\Psr7\Request), Object(class@anonymous))
#28 C:\Users\Jerold\Documents\Project\Dudezmobi_Staking\dms-api\src\app\middleware\Parser.php(17): class@anonymous->handle(Object(Slim\Psr7\Request))
#29 C:\Users\Jerold\Documents\Project\Dudezmobi_Staking\dms-api\src\lib\middleware\Middleware.php(84): PangzLab\App\Middleware\Parser->process(Object(Slim\Psr7\Request), Object(class@anonymous))
#30 C:\Users\Jerold\Documents\Project\Dudezmobi_Staking\dms-api\vendor\slim\slim\Slim\MiddlewareDispatcher.php(283): class@anonymous->__invoke(Object(Slim\Psr7\Request), Object(class@anonymous))
#31 C:\Users\Jerold\Documents\Project\Dudezmobi_Staking\dms-api\src\app\middleware\GetParser.php(16): class@anonymous->handle(Object(Slim\Psr7\Request))
#32 C:\Users\Jerold\Documents\Project\Dudezmobi_Staking\dms-api\src\lib\middleware\Middleware.php(84): PangzLab\App\Middleware\GetParser->process(Object(Slim\Psr7\Request), Object(class@anonymous))
#33 C:\Users\Jerold\Documents\Project\Dudezmobi_Staking\dms-api\vendor\slim\slim\Slim\MiddlewareDispatcher.php(283): class@anonymous->__invoke(Object(Slim\Psr7\Request), Object(class@anonymous))
#34 C:\Users\Jerold\Documents\Project\Dudezmobi_Staking\dms-api\public\index.php(34): class@anonymous->handle(Object(Slim\Psr7\Request))
#35 C:\Users\Jerold\Documents\Project\Dudezmobi_Staking\dms-api\vendor\slim\slim\Slim\MiddlewareDispatcher.php(283): Closure->{closure}(Object(Slim\Psr7\Request), Object(class@anonymous))
#36 C:\Users\Jerold\Documents\Project\Dudezmobi_Staking\dms-api\vendor\slim\slim\Slim\Middleware\ErrorMiddleware.php(98): class@anonymous->handle(Object(Slim\Psr7\Request))
#37 C:\Users\Jerold\Documents\Project\Dudezmobi_Staking\dms-api\vendor\slim\slim\Slim\MiddlewareDispatcher.php(140): Slim\Middleware\ErrorMiddleware->process(Object(Slim\Psr7\Request), Object(class@anonymous))
#38 C:\Users\Jerold\Documents\Project\Dudezmobi_Staking\dms-api\vendor\slim\slim\Slim\MiddlewareDispatcher.php(81): class@anonymous->handle(Object(Slim\Psr7\Request))
#39 C:\Users\Jerold\Documents\Project\Dudezmobi_Staking\dms-api\vendor\slim\slim\Slim\App.php(211): Slim\MiddlewareDispatcher->handle(Object(Slim\Psr7\Request))
#40 C:\Users\Jerold\Documents\Project\Dudezmobi_Staking\dms-api\vendor\slim\slim\Slim\App.php(195): Slim\App->handle(Object(Slim\Psr7\Request))
#41 C:\Users\Jerold\Documents\Project\Dudezmobi_Staking\dms-api\public\index.php(86): Slim\App->run()
#42 {main}